# //  Questa Sim-64
# //  Version 10.4c_5 linux_x86_64 Nov 14 2015
# //
# //  Copyright 1991-2015 Mentor Graphics Corporation
# //  All Rights Reserved.
# //
# //  THIS WORK CONTAINS TRADE SECRET AND PROPRIETARY INFORMATION
# //  WHICH IS THE PROPERTY OF MENTOR GRAPHICS CORPORATION OR ITS
# //  LICENSORS AND IS SUBJECT TO LICENSE TERMS.
# //  THIS DOCUMENT CONTAINS TRADE SECRETS AND COMMERCIAL OR FINANCIAL
# //  INFORMATION THAT ARE PRIVILEGED, CONFIDENTIAL, AND EXEMPT FROM
# //  DISCLOSURE UNDER THE FREEDOM OF INFORMATION ACT, 5 U.S.C. SECTION 552.
# //  FURTHERMORE, THIS INFORMATION IS PROHIBITED FROM DISCLOSURE UNDER
# //  THE TRADE SECRETS ACT, 18 U.S.C. SECTION 1905.
# //
# do {M1_M2_tb_simulate.do}
# vsim -t 1ps -lib xil_defaultlib M1_M2_tb_opt 
# Start time: 14:23:32 on Jul 29,2016
# Loading work.M1_M2_tb(fast)
# Loading work.TOP(fast)
# Loading work.DATA_PROCESS(fast)
# Loading work.statem(fast)
# Loading unisims_ver.LUT3(fast)
# Loading unisims_ver.LUT4(fast)
# Loading unisims_ver.LUT1(fast)
# Loading unisims_ver.LUT4(fast__1)
# Loading unisims_ver.LUT2(fast)
# Loading unisims_ver.LUT3(fast__1)
# Loading unisims_ver.LUT3(fast__2)
# Loading unisims_ver.LUT3(fast__3)
# Loading unisims_ver.LUT4(fast__2)
# Loading unisims_ver.LUT6(fast)
# Loading unisims_ver.LUT5(fast)
# Loading unisims_ver.LUT5(fast__1)
# Loading unisims_ver.LUT5(fast__2)
# Loading unisims_ver.LUT5(fast__3)
# Loading unisims_ver.LUT5(fast__4)
# Loading unisims_ver.LUT4(fast__3)
# Loading unisims_ver.LUT5(fast__5)
# Loading unisims_ver.LUT4(fast__4)
# Loading unisims_ver.LUT6(fast__1)
# Loading unisims_ver.LUT5(fast__6)
# Loading unisims_ver.LUT6(fast__2)
# Loading unisims_ver.LUT6(fast__3)
# Loading unisims_ver.LUT6(fast__4)
# Loading unisims_ver.LUT5(fast__7)
# Loading unisims_ver.LUT4(fast__5)
# Loading unisims_ver.LUT6(fast__5)
# Loading unisims_ver.LUT3(fast__4)
# Loading unisims_ver.LUT4(fast__6)
# Loading unisims_ver.LUT6(fast__6)
# Loading unisims_ver.FDRE(fast)
# Loading unisims_ver.CARRY4(fast)
# Loading unisims_ver.LUT6(fast__7)
# Loading unisims_ver.LUT6(fast__8)
# Loading unisims_ver.LUT6(fast__9)
# Loading unisims_ver.LUT6(fast__10)
# Loading unisims_ver.LUT5(fast__8)
# Loading unisims_ver.LUT5(fast__9)
# Loading unisims_ver.LUT6(fast__11)
# Loading unisims_ver.LUT2(fast__1)
# Loading unisims_ver.LUT6(fast__12)
# Loading unisims_ver.LUT4(fast__7)
# Loading unisims_ver.LUT3(fast__5)
# Loading unisims_ver.LUT5(fast__10)
# Loading unisims_ver.LUT6(fast__13)
# Loading unisims_ver.LUT5(fast__11)
# Loading unisims_ver.LUT6(fast__14)
# Loading unisims_ver.LUT6(fast__15)
# Loading unisims_ver.LUT6(fast__16)
# Loading unisims_ver.LUT6(fast__17)
# Loading unisims_ver.LUT5(fast__12)
# Loading unisims_ver.LUT6(fast__18)
# Loading unisims_ver.LUT4(fast__8)
# Loading unisims_ver.LUT6(fast__19)
# Loading unisims_ver.LUT5(fast__13)
# Loading unisims_ver.LUT6(fast__20)
# Loading unisims_ver.LUT6(fast__21)
# Loading unisims_ver.LUT6(fast__22)
# Loading unisims_ver.LUT4(fast__9)
# Loading unisims_ver.LUT5(fast__14)
# Loading unisims_ver.LUT6(fast__23)
# Loading unisims_ver.LUT4(fast__10)
# Loading unisims_ver.LUT4(fast__11)
# Loading unisims_ver.LUT5(fast__15)
# Loading unisims_ver.LUT4(fast__12)
# Loading unisims_ver.LUT5(fast__16)
# Loading unisims_ver.LUT4(fast__13)
# Loading unisims_ver.LUT3(fast__6)
# Loading unisims_ver.LUT5(fast__17)
# Loading unisims_ver.LUT5(fast__18)
# Loading unisims_ver.LUT5(fast__19)
# Loading unisims_ver.LUT3(fast__7)
# Loading unisims_ver.LUT5(fast__20)
# Loading unisims_ver.LUT6(fast__24)
# Loading unisims_ver.LUT6(fast__25)
# Loading unisims_ver.LUT6(fast__26)
# Loading unisims_ver.LUT2(fast__2)
# Loading unisims_ver.LUT6(fast__27)
# Loading unisims_ver.LUT6(fast__28)
# Loading unisims_ver.LUT3(fast__8)
# Loading unisims_ver.LUT1(fast__1)
# Loading unisims_ver.LUT5(fast__21)
# Loading unisims_ver.LUT4(fast__14)
# Loading unisims_ver.LUT5(fast__22)
# Loading unisims_ver.LUT6(fast__29)
# Loading unisims_ver.LUT2(fast__3)
# Loading unisims_ver.LUT3(fast__9)
# Loading unisims_ver.LUT4(fast__15)
# Loading unisims_ver.LUT5(fast__23)
# Loading unisims_ver.LUT6(fast__30)
# Loading unisims_ver.LUT6(fast__31)
# Loading unisims_ver.LUT3(fast__10)
# Loading unisims_ver.LUT3(fast__11)
# Loading unisims_ver.LUT6(fast__32)
# Loading unisims_ver.LUT3(fast__12)
# Loading unisims_ver.LUT3(fast__13)
# Loading unisims_ver.LUT4(fast__16)
# Loading unisims_ver.LUT5(fast__24)
# Loading unisims_ver.LUT4(fast__17)
# Loading unisims_ver.LUT6(fast__33)
# Loading unisims_ver.LUT6(fast__34)
# Loading unisims_ver.LUT2(fast__4)
# Loading unisims_ver.LUT2(fast__5)
# Loading unisims_ver.LUT6(fast__35)
# Loading unisims_ver.LUT5(fast__25)
# Loading unisims_ver.LUT6(fast__36)
# Loading unisims_ver.LUT6(fast__37)
# Loading unisims_ver.LUT4(fast__18)
# Loading unisims_ver.LUT4(fast__19)
# Loading unisims_ver.LUT2(fast__6)
# Loading unisims_ver.LUT6(fast__38)
# Loading unisims_ver.FDSE(fast)
# Loading unisims_ver.LUT3(fast__14)
# Loading unisims_ver.LUT6(fast__39)
# Loading unisims_ver.LUT5(fast__26)
# Loading unisims_ver.LUT6(fast__40)
# Loading unisims_ver.LUT5(fast__27)
# Loading unisims_ver.LUT6(fast__41)
# Loading unisims_ver.LUT6(fast__42)
# Loading unisims_ver.LUT6(fast__43)
# Loading unisims_ver.LUT4(fast__20)
# Loading unisims_ver.LUT6(fast__44)
# Loading unisims_ver.LUT6(fast__45)
# Loading unisims_ver.LUT5(fast__28)
# Loading unisims_ver.LUT6(fast__46)
# Loading unisims_ver.LUT4(fast__21)
# Loading unisims_ver.LUT5(fast__29)
# Loading unisims_ver.LUT6(fast__47)
# Loading unisims_ver.LUT6(fast__48)
# Loading unisims_ver.LUT6(fast__49)
# Loading unisims_ver.LUT5(fast__30)
# Loading unisims_ver.LUT3(fast__15)
# Loading unisims_ver.LUT5(fast__31)
# Loading unisims_ver.FDPE(fast)
# Loading unisims_ver.FDCE(fast)
# Loading unisims_ver.LUT4(fast__22)
# Loading unisims_ver.LUT6(fast__50)
# Loading unisims_ver.LUT4(fast__23)
# Loading unisims_ver.LUT6(fast__51)
# Loading unisims_ver.LUT6(fast__52)
# Loading work.READ_FILE_BRAM(fast)
# Loading work.BUFFER_ROW(fast)
# Loading work.BUFFER_ROW_blk_mem_gen_v8_2(fast)
# Loading unisims_ver.GND(fast)
# Loading work.BUFFER_ROW_blk_mem_gen_v8_2_synth(fast)
# Loading work.BUFFER_ROW_blk_mem_gen_top(fast)
# Loading work.BUFFER_ROW_blk_mem_gen_generic_cstr(fast)
# Loading work.BUFFER_ROW_blk_mem_gen_prim_width(fast)
# Loading work.BUFFER_ROW_blk_mem_gen_prim_wrapper(fast)
# Loading unisims_ver.RAMB36E1(fast)
# Loading unisims_ver.RB36_INTERNAL_VLOG(fast)
# Loading work.BUFFER_ROW_HD2(fast)
# Loading unisims_ver.LUT4(fast__24)
# Loading unisims_ver.LUT4(fast__25)
# Loading unisims_ver.LUT4(fast__26)
# Loading unisims_ver.LUT5(fast__32)
# Loading work.STORE_V_DISPARITY(fast)
# Loading work.STORE_DISPARITY_IMAGE(fast)
# Loading work.STORE_DISPARITY_IMAGE_blk_mem_gen_v8_2(fast)
# Loading work.STORE_DISPARITY_IMAGE_blk_mem_gen_v8_2_synth(fast)
# Loading work.STORE_DISPARITY_IMAGE_blk_mem_gen_top(fast)
# Loading work.STORE_DISPARITY_IMAGE_blk_mem_gen_generic_cstr(fast)
# Loading work.STORE_DISPARITY_IMAGE_blk_mem_gen_prim_width(fast)
# Loading work.STORE_DISPARITY_IMAGE_blk_mem_gen_prim_wrapper(fast)
# Loading unisims_ver.RAMB18E1(fast)
# Loading unisims_ver.RB18_INTERNAL_VLOG(fast)
# Loading unisims_ver.MUXF7(fast)
# Loading unisims_ver.LUT6(fast__53)
# Loading unisims_ver.LUT3(fast__16)
# Loading unisims_ver.LUT4(fast__27)
# Loading unisims_ver.LUT3(fast__17)
# Loading unisims_ver.LUT4(fast__28)
# Loading unisims_ver.LUT5(fast__33)
# Loading unisims_ver.LUT6(fast__54)
# Loading unisims_ver.LUT6(fast__55)
# Loading unisims_ver.LUT4(fast__29)
# Loading unisims_ver.LUT3(fast__18)
# Loading unisims_ver.LUT5(fast__34)
# Loading unisims_ver.LUT6(fast__56)
# Loading unisims_ver.LUT5(fast__35)
# Loading unisims_ver.LUT4(fast__30)
# Loading unisims_ver.LUT6(fast__57)
# Loading unisims_ver.LUT3(fast__19)
# Loading unisims_ver.LUT6(fast__58)
# Loading unisims_ver.LUT3(fast__20)
# Loading unisims_ver.LUT6(fast__59)
# Loading unisims_ver.LUT3(fast__21)
# Loading unisims_ver.BUFG(fast)
# Loading unisims_ver.IBUF(fast)
# Loading work.glbl(fast)
# ** Warning: (vsim-PLI-3691) ./../../../../BRAM_PRJ.srcs/sim_1/new/M1_M2_tb.v(51): Expected a system task, not a system function '$fscanf'.
#    Time: 0 ps  Iteration: 0  Region: /M1_M2_tb/FSM File: ./../../../../BRAM_PRJ.srcs/sim_1/new/M1_M2_tb.v
# ** Warning: (vsim-PLI-3691) ./../../../../BRAM_PRJ.srcs/sim_1/new/M1_M2_tb.v(52): Expected a system task, not a system function '$fscanf'.
#    Time: 0 ps  Iteration: 0  Region: /M1_M2_tb/FSM File: ./../../../../BRAM_PRJ.srcs/sim_1/new/M1_M2_tb.v
# ** Warning: (vsim-PLI-3691) ./../../../../BRAM_PRJ.srcs/sim_1/new/M1_M2_tb.v(61): Expected a system task, not a system function '$fscanf'.
#    Time: 0 ps  Iteration: 0  Region: /M1_M2_tb/FSM File: ./../../../../BRAM_PRJ.srcs/sim_1/new/M1_M2_tb.v
# ** Warning: (vsim-PLI-3691) ./../../../../BRAM_PRJ.srcs/sim_1/new/M1_M2_tb.v(62): Expected a system task, not a system function '$fscanf'.
#    Time: 0 ps  Iteration: 0  Region: /M1_M2_tb/FSM File: ./../../../../BRAM_PRJ.srcs/sim_1/new/M1_M2_tb.v
# .main_pane.wave.interior.cs.body.pw.wf
# .main_pane.structure.interior.cs.body.struct
# .main_pane.objects.interior.cs.body.tree
add wave -position end sim:/M1_M2_tb/UUT/M2/*
run
# Causality operation skipped due to absence of debug database file
add wave -position end sim:/M1_M2_tb/UUT/M1/*
restart
# Loading work.M1_M2_tb(fast)
# Loading work.TOP(fast)
# Loading work.DATA_PROCESS(fast)
# Loading work.statem(fast)
# Loading unisims_ver.LUT3(fast)
# Loading unisims_ver.LUT4(fast)
# Loading unisims_ver.LUT1(fast)
# Loading unisims_ver.LUT4(fast__1)
# Loading unisims_ver.LUT2(fast)
# Loading unisims_ver.LUT3(fast__1)
# Loading unisims_ver.LUT3(fast__2)
# Loading unisims_ver.LUT3(fast__3)
# Loading unisims_ver.LUT4(fast__2)
# Loading unisims_ver.LUT6(fast)
# Loading unisims_ver.LUT5(fast)
# Loading unisims_ver.LUT5(fast__1)
# Loading unisims_ver.LUT5(fast__2)
# Loading unisims_ver.LUT5(fast__3)
# Loading unisims_ver.LUT5(fast__4)
# Loading unisims_ver.LUT4(fast__3)
# Loading unisims_ver.LUT5(fast__5)
# Loading unisims_ver.LUT4(fast__4)
# Loading unisims_ver.LUT6(fast__1)
# Loading unisims_ver.LUT5(fast__6)
# Loading unisims_ver.LUT6(fast__2)
# Loading unisims_ver.LUT6(fast__3)
# Loading unisims_ver.LUT6(fast__4)
# Loading unisims_ver.LUT5(fast__7)
# Loading unisims_ver.LUT4(fast__5)
# Loading unisims_ver.LUT6(fast__5)
# Loading unisims_ver.LUT3(fast__4)
# Loading unisims_ver.LUT4(fast__6)
# Loading unisims_ver.LUT6(fast__6)
# Loading unisims_ver.FDRE(fast)
# Loading unisims_ver.CARRY4(fast)
# Loading unisims_ver.LUT6(fast__7)
# Loading unisims_ver.LUT6(fast__8)
# Loading unisims_ver.LUT6(fast__9)
# Loading unisims_ver.LUT6(fast__10)
# Loading unisims_ver.LUT5(fast__8)
# Loading unisims_ver.LUT5(fast__9)
# Loading unisims_ver.LUT6(fast__11)
# Loading unisims_ver.LUT2(fast__1)
# Loading unisims_ver.LUT6(fast__12)
# Loading unisims_ver.LUT4(fast__7)
# Loading unisims_ver.LUT3(fast__5)
# Loading unisims_ver.LUT5(fast__10)
# Loading unisims_ver.LUT6(fast__13)
# Loading unisims_ver.LUT5(fast__11)
# Loading unisims_ver.LUT6(fast__14)
# Loading unisims_ver.LUT6(fast__15)
# Loading unisims_ver.LUT6(fast__16)
# Loading unisims_ver.LUT6(fast__17)
# Loading unisims_ver.LUT5(fast__12)
# Loading unisims_ver.LUT6(fast__18)
# Loading unisims_ver.LUT4(fast__8)
# Loading unisims_ver.LUT6(fast__19)
# Loading unisims_ver.LUT5(fast__13)
# Loading unisims_ver.LUT6(fast__20)
# Loading unisims_ver.LUT6(fast__21)
# Loading unisims_ver.LUT6(fast__22)
# Loading unisims_ver.LUT4(fast__9)
# Loading unisims_ver.LUT5(fast__14)
# Loading unisims_ver.LUT6(fast__23)
# Loading unisims_ver.LUT4(fast__10)
# Loading unisims_ver.LUT4(fast__11)
# Loading unisims_ver.LUT5(fast__15)
# Loading unisims_ver.LUT4(fast__12)
# Loading unisims_ver.LUT5(fast__16)
# Loading unisims_ver.LUT4(fast__13)
# Loading unisims_ver.LUT3(fast__6)
# Loading unisims_ver.LUT5(fast__17)
# Loading unisims_ver.LUT5(fast__18)
# Loading unisims_ver.LUT5(fast__19)
# Loading unisims_ver.LUT3(fast__7)
# Loading unisims_ver.LUT5(fast__20)
# Loading unisims_ver.LUT6(fast__24)
# Loading unisims_ver.LUT6(fast__25)
# Loading unisims_ver.LUT6(fast__26)
# Loading unisims_ver.LUT2(fast__2)
# Loading unisims_ver.LUT6(fast__27)
# Loading unisims_ver.LUT6(fast__28)
# Loading unisims_ver.LUT3(fast__8)
# Loading unisims_ver.LUT1(fast__1)
# Loading unisims_ver.LUT5(fast__21)
# Loading unisims_ver.LUT4(fast__14)
# Loading unisims_ver.LUT5(fast__22)
# Loading unisims_ver.LUT6(fast__29)
# Loading unisims_ver.LUT2(fast__3)
# Loading unisims_ver.LUT3(fast__9)
# Loading unisims_ver.LUT4(fast__15)
# Loading unisims_ver.LUT5(fast__23)
# Loading unisims_ver.LUT6(fast__30)
# Loading unisims_ver.LUT6(fast__31)
# Loading unisims_ver.LUT3(fast__10)
# Loading unisims_ver.LUT3(fast__11)
# Loading unisims_ver.LUT6(fast__32)
# Loading unisims_ver.LUT3(fast__12)
# Loading unisims_ver.LUT3(fast__13)
# Loading unisims_ver.LUT4(fast__16)
# Loading unisims_ver.LUT5(fast__24)
# Loading unisims_ver.LUT4(fast__17)
# Loading unisims_ver.LUT6(fast__33)
# Loading unisims_ver.LUT6(fast__34)
# Loading unisims_ver.LUT2(fast__4)
# Loading unisims_ver.LUT2(fast__5)
# Loading unisims_ver.LUT6(fast__35)
# Loading unisims_ver.LUT5(fast__25)
# Loading unisims_ver.LUT6(fast__36)
# Loading unisims_ver.LUT6(fast__37)
# Loading unisims_ver.LUT4(fast__18)
# Loading unisims_ver.LUT4(fast__19)
# Loading unisims_ver.LUT2(fast__6)
# Loading unisims_ver.LUT6(fast__38)
# Loading unisims_ver.FDSE(fast)
# Loading unisims_ver.LUT3(fast__14)
# Loading unisims_ver.LUT6(fast__39)
# Loading unisims_ver.LUT5(fast__26)
# Loading unisims_ver.LUT6(fast__40)
# Loading unisims_ver.LUT5(fast__27)
# Loading unisims_ver.LUT6(fast__41)
# Loading unisims_ver.LUT6(fast__42)
# Loading unisims_ver.LUT6(fast__43)
# Loading unisims_ver.LUT4(fast__20)
# Loading unisims_ver.LUT6(fast__44)
# Loading unisims_ver.LUT6(fast__45)
# Loading unisims_ver.LUT5(fast__28)
# Loading unisims_ver.LUT6(fast__46)
# Loading unisims_ver.LUT4(fast__21)
# Loading unisims_ver.LUT5(fast__29)
# Loading unisims_ver.LUT6(fast__47)
# Loading unisims_ver.LUT6(fast__48)
# Loading unisims_ver.LUT6(fast__49)
# Loading unisims_ver.LUT5(fast__30)
# Loading unisims_ver.LUT3(fast__15)
# Loading unisims_ver.LUT5(fast__31)
# Loading unisims_ver.FDPE(fast)
# Loading unisims_ver.FDCE(fast)
# Loading unisims_ver.LUT4(fast__22)
# Loading unisims_ver.LUT6(fast__50)
# Loading unisims_ver.LUT4(fast__23)
# Loading unisims_ver.LUT6(fast__51)
# Loading unisims_ver.LUT6(fast__52)
# Loading work.READ_FILE_BRAM(fast)
# Loading work.BUFFER_ROW(fast)
# Loading work.BUFFER_ROW_blk_mem_gen_v8_2(fast)
# Loading unisims_ver.GND(fast)
# Loading work.BUFFER_ROW_blk_mem_gen_v8_2_synth(fast)
# Loading work.BUFFER_ROW_blk_mem_gen_top(fast)
# Loading work.BUFFER_ROW_blk_mem_gen_generic_cstr(fast)
# Loading work.BUFFER_ROW_blk_mem_gen_prim_width(fast)
# Loading work.BUFFER_ROW_blk_mem_gen_prim_wrapper(fast)
# Loading unisims_ver.RAMB36E1(fast)
# Loading unisims_ver.RB36_INTERNAL_VLOG(fast)
# Loading work.BUFFER_ROW_HD2(fast)
# Loading unisims_ver.LUT4(fast__24)
# Loading unisims_ver.LUT4(fast__25)
# Loading unisims_ver.LUT4(fast__26)
# Loading unisims_ver.LUT5(fast__32)
# Loading work.STORE_V_DISPARITY(fast)
# Loading work.STORE_DISPARITY_IMAGE(fast)
# Loading work.STORE_DISPARITY_IMAGE_blk_mem_gen_v8_2(fast)
# Loading work.STORE_DISPARITY_IMAGE_blk_mem_gen_v8_2_synth(fast)
# Loading work.STORE_DISPARITY_IMAGE_blk_mem_gen_top(fast)
# Loading work.STORE_DISPARITY_IMAGE_blk_mem_gen_generic_cstr(fast)
# Loading work.STORE_DISPARITY_IMAGE_blk_mem_gen_prim_width(fast)
# Loading work.STORE_DISPARITY_IMAGE_blk_mem_gen_prim_wrapper(fast)
# Loading unisims_ver.RAMB18E1(fast)
# Loading unisims_ver.RB18_INTERNAL_VLOG(fast)
# Loading unisims_ver.MUXF7(fast)
# Loading unisims_ver.LUT6(fast__53)
# Loading unisims_ver.LUT3(fast__16)
# Loading unisims_ver.LUT4(fast__27)
# Loading unisims_ver.LUT3(fast__17)
# Loading unisims_ver.LUT4(fast__28)
# Loading unisims_ver.LUT5(fast__33)
# Loading unisims_ver.LUT6(fast__54)
# Loading unisims_ver.LUT6(fast__55)
# Loading unisims_ver.LUT4(fast__29)
# Loading unisims_ver.LUT3(fast__18)
# Loading unisims_ver.LUT5(fast__34)
# Loading unisims_ver.LUT6(fast__56)
# Loading unisims_ver.LUT5(fast__35)
# Loading unisims_ver.LUT4(fast__30)
# Loading unisims_ver.LUT6(fast__57)
# Loading unisims_ver.LUT3(fast__19)
# Loading unisims_ver.LUT6(fast__58)
# Loading unisims_ver.LUT3(fast__20)
# Loading unisims_ver.LUT6(fast__59)
# Loading unisims_ver.LUT3(fast__21)
# Loading unisims_ver.BUFG(fast)
# Loading unisims_ver.IBUF(fast)
# Loading work.glbl(fast)
# ** Warning: (vsim-PLI-3691) ./../../../../BRAM_PRJ.srcs/sim_1/new/M1_M2_tb.v(51): Expected a system task, not a system function '$fscanf'.
#    Time: 0 ps  Iteration: 0  Region: /M1_M2_tb/FSM File: ./../../../../BRAM_PRJ.srcs/sim_1/new/M1_M2_tb.v
# ** Warning: (vsim-PLI-3691) ./../../../../BRAM_PRJ.srcs/sim_1/new/M1_M2_tb.v(52): Expected a system task, not a system function '$fscanf'.
#    Time: 0 ps  Iteration: 0  Region: /M1_M2_tb/FSM File: ./../../../../BRAM_PRJ.srcs/sim_1/new/M1_M2_tb.v
# ** Warning: (vsim-PLI-3691) ./../../../../BRAM_PRJ.srcs/sim_1/new/M1_M2_tb.v(61): Expected a system task, not a system function '$fscanf'.
#    Time: 0 ps  Iteration: 0  Region: /M1_M2_tb/FSM File: ./../../../../BRAM_PRJ.srcs/sim_1/new/M1_M2_tb.v
# ** Warning: (vsim-PLI-3691) ./../../../../BRAM_PRJ.srcs/sim_1/new/M1_M2_tb.v(62): Expected a system task, not a system function '$fscanf'.
#    Time: 0 ps  Iteration: 0  Region: /M1_M2_tb/FSM File: ./../../../../BRAM_PRJ.srcs/sim_1/new/M1_M2_tb.v
run
# End time: 14:28:42 on Jul 29,2016, Elapsed time: 0:05:10
# Errors: 0, Warnings: 9
